<?xml version="1.0" encoding="UTF-8"?>
<!-- Generated by org.testng.reporters.JUnitReportReporter -->
<testsuite hostname="A2SITML31106" name="com.mindtree.TestCaseExecution.MainProgram" tests="3" failures="0" timestamp="29 Jul 2019 07:29:03 GMT" time="158.762" errors="0">
  <testcase name="validate" time="22.661" classname="com.mindtree.TestCaseExecution.MainProgram"/>
  <testcase name="validate" time="7.165" classname="com.mindtree.TestCaseExecution.MainProgram"/>
  <testcase name="roundtrip" time="128.936" classname="com.mindtree.TestCaseExecution.MainProgram"/>
</testsuite> <!-- com.mindtree.TestCaseExecution.MainProgram -->
