<?xml version="1.0" encoding="UTF-8"?>
<!-- Generated by org.testng.reporters.JUnitReportReporter -->
<testsuite hostname="A2SITML31104" name="com.mindtree.executionengine.MainProgram" tests="3" failures="0" timestamp="24 Jul 2019 05:40:11 GMT" time="168.308" errors="0">
  <testcase name="validate" time="36.002" classname="com.mindtree.executionengine.MainProgram"/>
  <testcase name="roundtrip" time="90.754" classname="com.mindtree.executionengine.MainProgram"/>
  <testcase name="validate" time="41.552" classname="com.mindtree.executionengine.MainProgram"/>
</testsuite> <!-- com.mindtree.executionengine.MainProgram -->
