<?xml version="1.0" encoding="UTF-8"?>
<!-- Generated by org.testng.reporters.JUnitReportReporter -->
<testsuite hostname="A2SITML31104" name="com.mindtree.executionengine.MyCarTest" tests="1" failures="0" timestamp="5 Jul 2019 05:38:57 GMT" time="26.960" errors="0">
  <testcase name="roundtrip" time="26.960" classname="com.mindtree.executionengine.MyCarTest"/>
</testsuite> <!-- com.mindtree.executionengine.MyCarTest -->
